
Collecting usage statistics. To deactivate, set browser.gatherUsageStats to False.


  You can now view your Streamlit app in your browser.

  Network URL: http://10.0.0.4:8501
  External URL: http://20.233.251.221:8501

/home/azureuser/miniconda3/envs/envpy310/lib/python3.10/site-packages/torchvision/models/_utils.py:208: UserWarning: The parameter 'pretrained' is deprecated since 0.13 and may be removed in the future, please use 'weights' instead.
  warnings.warn(
/home/azureuser/miniconda3/envs/envpy310/lib/python3.10/site-packages/torchvision/models/_utils.py:223: UserWarning: Arguments other than a weight enum or `None` for 'weights' are deprecated since 0.13 and may be removed in the future. The current behavior is equivalent to passing `weights=None`.
  warnings.warn(msg)
2024-07-19 13:49:54.824 Uncaught app exception
Traceback (most recent call last):
  File "/home/azureuser/miniconda3/envs/envpy310/lib/python3.10/site-packages/streamlit/runtime/state/session_state_proxy.py", line 119, in __getattr__
    return self[key]
  File "/home/azureuser/miniconda3/envs/envpy310/lib/python3.10/site-packages/streamlit/runtime/state/session_state_proxy.py", line 90, in __getitem__
    return get_session_state()[key]
  File "/home/azureuser/miniconda3/envs/envpy310/lib/python3.10/site-packages/streamlit/runtime/state/safe_session_state.py", line 111, in __getitem__
    raise KeyError(key)
KeyError: 'email'

During handling of the above exception, another exception occurred:

Traceback (most recent call last):
  File "/home/azureuser/miniconda3/envs/envpy310/lib/python3.10/site-packages/streamlit/runtime/scriptrunner/script_runner.py", line 552, in _run_script
    exec(code, module.__dict__)
  File "/home/azureuser/ashhad/streamlit_project/app.py", line 144, in <module>
    'email_id': st.session_state.email,
  File "/home/azureuser/miniconda3/envs/envpy310/lib/python3.10/site-packages/streamlit/runtime/state/session_state_proxy.py", line 121, in __getattr__
    raise AttributeError(_missing_attr_error_message(key))
AttributeError: st.session_state has no attribute "email". Did you forget to initialize it? More info: https://docs.streamlit.io/library/advanced-features/session-state#initialization
